map/build/outputs/logs/manifest-merger-debug-report.txt
-- Merging decision tree log ---
manifest
ADDED from map\AndroidManifest.xml:2:1-197:12
	xmlns:android
		ADDED from map\AndroidManifest.xml:3:5-63
	package
		ADDED from map\AndroidManifest.xml:4:5-34
	android:versionName
		ADDED from map\AndroidManifest.xml:6:5-30
		INJECTED from map\AndroidManifest.xml
		INJECTED from map\AndroidManifest.xml
	android:versionCode
		ADDED from map\AndroidManifest.xml:5:5-28
		INJECTED from map\AndroidManifest.xml
		INJECTED from map\AndroidManifest.xml
uses-sdk
ADDED from map\AndroidManifest.xml:8:5-10:41
	android:targetSdkVersion
		ADDED from map\AndroidManifest.xml:10:9-38
	android:minSdkVersion
		ADDED from map\AndroidManifest.xml:9:9-34
uses-permission#android.permission.INTERNET
ADDED from map\AndroidManifest.xml:12:5-67
	android:name
		ADDED from map\AndroidManifest.xml:12:22-64
uses-permission#android.permission.WRITE_EXTERNAL_STORAGE
ADDED from map\AndroidManifest.xml:13:5-81
	android:name
		ADDED from map\AndroidManifest.xml:13:22-78
uses-permission#android.permission.ACCESS_COARSE_LOCATION
ADDED from map\AndroidManifest.xml:14:5-81
	android:name
		ADDED from map\AndroidManifest.xml:14:22-78
uses-permission#android.permission.ACCESS_NETWORK_STATE
ADDED from map\AndroidManifest.xml:15:5-79
	android:name
		ADDED from map\AndroidManifest.xml:15:22-76
uses-permission#android.permission.ACCESS_FINE_LOCATION
ADDED from map\AndroidManifest.xml:16:5-79
	android:name
		ADDED from map\AndroidManifest.xml:16:22-76
uses-permission#android.permission.READ_PHONE_STATE
ADDED from map\AndroidManifest.xml:17:5-75
	android:name
		ADDED from map\AndroidManifest.xml:17:22-72
uses-permission#android.permission.CHANGE_WIFI_STATE
ADDED from map\AndroidManifest.xml:18:5-76
	android:name
		ADDED from map\AndroidManifest.xml:18:22-73
uses-permission#android.permission.ACCESS_WIFI_STATE
ADDED from map\AndroidManifest.xml:19:5-76
	android:name
		ADDED from map\AndroidManifest.xml:19:22-73
uses-permission#android.permission.CHANGE_CONFIGURATION
ADDED from map\AndroidManifest.xml:20:5-79
	android:name
		ADDED from map\AndroidManifest.xml:20:22-76
uses-permission#android.permission.WAKE_LOCK
ADDED from map\AndroidManifest.xml:21:5-68
	android:name
		ADDED from map\AndroidManifest.xml:21:22-65
uses-permission#android.permission.WRITE_SETTINGS
ADDED from map\AndroidManifest.xml:23:5-73
	android:name
		ADDED from map\AndroidManifest.xml:23:22-70
application
ADDED from map\AndroidManifest.xml:25:5-195:19
	android:label
		ADDED from map\AndroidManifest.xml:27:9-43
	android:icon
		ADDED from map\AndroidManifest.xml:26:9-45
meta-data#com.amap.api.v2.apikey
ADDED from map\AndroidManifest.xml:28:9-30:64
	android:name
		ADDED from map\AndroidManifest.xml:29:13-50
	android:value
		ADDED from map\AndroidManifest.xml:30:13-61
activity#com.amap.map2d.demo.MainActivity
ADDED from map\AndroidManifest.xml:42:9-48:20
	android:name
		ADDED from map\AndroidManifest.xml:42:19-66
intent-filter#android.intent.action.MAIN+android.intent.category.LAUNCHER
ADDED from map\AndroidManifest.xml:43:13-47:29
action#android.intent.action.MAIN
ADDED from map\AndroidManifest.xml:44:17-69
	android:name
		ADDED from map\AndroidManifest.xml:44:25-66
category#android.intent.category.LAUNCHER
ADDED from map\AndroidManifest.xml:46:17-77
	android:name
		ADDED from map\AndroidManifest.xml:46:27-74
activity#com.amap.map2d.demo.basic.BasicMapActivity
ADDED from map\AndroidManifest.xml:49:9-52:52
	android:screenOrientation
		ADDED from map\AndroidManifest.xml:52:13-49
	android:label
		ADDED from map\AndroidManifest.xml:51:13-46
	android:name
		ADDED from map\AndroidManifest.xml:50:13-51
activity#com.amap.map2d.demo.basic.OsmMapActivity
ADDED from map\AndroidManifest.xml:53:9-56:52
	android:screenOrientation
		ADDED from map\AndroidManifest.xml:56:13-49
	android:label
		ADDED from map\AndroidManifest.xml:55:13-44
	android:name
		ADDED from map\AndroidManifest.xml:54:13-49
activity#com.amap.map2d.demo.basic.BaseMapFragmentActivity
ADDED from map\AndroidManifest.xml:57:9-60:52
	android:screenOrientation
		ADDED from map\AndroidManifest.xml:60:13-49
	android:label
		ADDED from map\AndroidManifest.xml:59:13-54
	android:name
		ADDED from map\AndroidManifest.xml:58:13-58
activity#com.amap.map2d.demo.basic.CameraActivity
ADDED from map\AndroidManifest.xml:61:9-64:52
	android:screenOrientation
		ADDED from map\AndroidManifest.xml:64:13-49
	android:label
		ADDED from map\AndroidManifest.xml:63:13-48
	android:name
		ADDED from map\AndroidManifest.xml:62:13-49
activity#com.amap.map2d.demo.basic.EventsActivity
ADDED from map\AndroidManifest.xml:65:9-68:52
	android:screenOrientation
		ADDED from map\AndroidManifest.xml:68:13-49
	android:label
		ADDED from map\AndroidManifest.xml:67:13-48
	android:name
		ADDED from map\AndroidManifest.xml:66:13-49
activity#com.amap.map2d.demo.basic.LayersActivity
ADDED from map\AndroidManifest.xml:69:9-72:52
	android:screenOrientation
		ADDED from map\AndroidManifest.xml:72:13-49
	android:label
		ADDED from map\AndroidManifest.xml:71:13-48
	android:name
		ADDED from map\AndroidManifest.xml:70:13-49
activity#com.amap.map2d.demo.basic.MapOptionActivity
ADDED from map\AndroidManifest.xml:73:9-76:52
	android:screenOrientation
		ADDED from map\AndroidManifest.xml:76:13-49
	android:label
		ADDED from map\AndroidManifest.xml:75:13-51
	android:name
		ADDED from map\AndroidManifest.xml:74:13-52
activity#com.amap.map2d.demo.basic.ScreenShotActivity
ADDED from map\AndroidManifest.xml:77:9-80:52
	android:screenOrientation
		ADDED from map\AndroidManifest.xml:80:13-49
	android:label
		ADDED from map\AndroidManifest.xml:79:13-52
	android:name
		ADDED from map\AndroidManifest.xml:78:13-53
activity#com.amap.map2d.demo.basic.UiSettingsActivity
ADDED from map\AndroidManifest.xml:81:9-84:52
	android:screenOrientation
		ADDED from map\AndroidManifest.xml:84:13-49
	android:label
		ADDED from map\AndroidManifest.xml:83:13-52
	android:name
		ADDED from map\AndroidManifest.xml:82:13-53
activity#com.amap.map2d.demo.overlay.MarkerActivity
ADDED from map\AndroidManifest.xml:85:9-88:52
	android:screenOrientation
		ADDED from map\AndroidManifest.xml:88:13-49
	android:label
		ADDED from map\AndroidManifest.xml:87:13-48
	android:name
		ADDED from map\AndroidManifest.xml:86:13-51
activity#com.amap.map2d.demo.overlay.PolylineActivity
ADDED from map\AndroidManifest.xml:89:9-92:52
	android:screenOrientation
		ADDED from map\AndroidManifest.xml:92:13-49
	android:label
		ADDED from map\AndroidManifest.xml:91:13-50
	android:name
		ADDED from map\AndroidManifest.xml:90:13-53
activity#com.amap.map2d.demo.overlay.GroundOverlayActivity
ADDED from map\AndroidManifest.xml:93:9-96:52
	android:screenOrientation
		ADDED from map\AndroidManifest.xml:96:13-49
	android:label
		ADDED from map\AndroidManifest.xml:95:13-55
	android:name
		ADDED from map\AndroidManifest.xml:94:13-58
activity#com.amap.map2d.demo.overlay.PolygonActivity
ADDED from map\AndroidManifest.xml:97:9-100:52
	android:screenOrientation
		ADDED from map\AndroidManifest.xml:100:13-49
	android:label
		ADDED from map\AndroidManifest.xml:99:13-49
	android:name
		ADDED from map\AndroidManifest.xml:98:13-52
activity#com.amap.map2d.demo.overlay.CircleActivity
ADDED from map\AndroidManifest.xml:101:9-104:52
	android:screenOrientation
		ADDED from map\AndroidManifest.xml:104:13-49
	android:label
		ADDED from map\AndroidManifest.xml:103:13-48
	android:name
		ADDED from map\AndroidManifest.xml:102:13-51
activity#com.amap.map2d.demo.location.LocationSourceActivity
ADDED from map\AndroidManifest.xml:105:9-108:52
	android:screenOrientation
		ADDED from map\AndroidManifest.xml:108:13-49
	android:label
		ADDED from map\AndroidManifest.xml:107:13-56
	android:name
		ADDED from map\AndroidManifest.xml:106:13-60
activity#com.amap.map2d.demo.location.LocationGPSActivity
ADDED from map\AndroidManifest.xml:109:9-112:52
	android:screenOrientation
		ADDED from map\AndroidManifest.xml:112:13-49
	android:label
		ADDED from map\AndroidManifest.xml:111:13-53
	android:name
		ADDED from map\AndroidManifest.xml:110:13-57
activity#com.amap.map2d.demo.location.LocationSensorSourceActivity
ADDED from map\AndroidManifest.xml:113:9-116:52
	android:screenOrientation
		ADDED from map\AndroidManifest.xml:116:13-49
	android:label
		ADDED from map\AndroidManifest.xml:115:13-59
	android:name
		ADDED from map\AndroidManifest.xml:114:13-66
activity#com.amap.map2d.demo.location.LocationNetworkActivity
ADDED from map\AndroidManifest.xml:117:9-120:52
	android:screenOrientation
		ADDED from map\AndroidManifest.xml:120:13-49
	android:label
		ADDED from map\AndroidManifest.xml:119:13-57
	android:name
		ADDED from map\AndroidManifest.xml:118:13-61
activity#com.amap.map2d.demo.geocoder.GeocoderActivity
ADDED from map\AndroidManifest.xml:121:9-124:52
	android:screenOrientation
		ADDED from map\AndroidManifest.xml:124:13-49
	android:label
		ADDED from map\AndroidManifest.xml:123:13-50
	android:name
		ADDED from map\AndroidManifest.xml:122:13-54
activity#com.amap.map2d.demo.route.RouteActivity
ADDED from map\AndroidManifest.xml:125:9-128:52
	android:screenOrientation
		ADDED from map\AndroidManifest.xml:128:13-49
	android:label
		ADDED from map\AndroidManifest.xml:127:13-47
	android:name
		ADDED from map\AndroidManifest.xml:126:13-67
activity#com.amap.map2d.demo.busline.BuslineActivity
ADDED from map\AndroidManifest.xml:129:9-132:52
	android:screenOrientation
		ADDED from map\AndroidManifest.xml:132:13-49
	android:label
		ADDED from map\AndroidManifest.xml:131:13-49
	android:name
		ADDED from map\AndroidManifest.xml:130:13-52
activity#com.amap.map2d.demo.poisearch.PoiKeywordSearchActivity
ADDED from map\AndroidManifest.xml:133:9-136:52
	android:screenOrientation
		ADDED from map\AndroidManifest.xml:136:13-49
	android:label
		ADDED from map\AndroidManifest.xml:135:13-58
	android:name
		ADDED from map\AndroidManifest.xml:134:13-63
activity#com.amap.map2d.demo.poisearch.PoiAroundSearchActivity
ADDED from map\AndroidManifest.xml:137:9-140:52
	android:screenOrientation
		ADDED from map\AndroidManifest.xml:140:13-49
	android:label
		ADDED from map\AndroidManifest.xml:139:13-57
	android:name
		ADDED from map\AndroidManifest.xml:138:13-62
activity#com.amap.map2d.demo.district.DistrictActivity
ADDED from map\AndroidManifest.xml:141:9-144:52
	android:screenOrientation
		ADDED from map\AndroidManifest.xml:144:13-49
	android:label
		ADDED from map\AndroidManifest.xml:143:13-50
	android:name
		ADDED from map\AndroidManifest.xml:142:13-54
activity#com.amap.map2d.demo.district.DistrictWithBoundaryActivity
ADDED from map\AndroidManifest.xml:145:9-148:52
	android:screenOrientation
		ADDED from map\AndroidManifest.xml:148:13-49
	android:label
		ADDED from map\AndroidManifest.xml:147:13-59
	android:name
		ADDED from map\AndroidManifest.xml:146:13-66
activity#com.amap.map2d.demo.cloud.CloudActivity
ADDED from map\AndroidManifest.xml:149:9-152:52
	android:screenOrientation
		ADDED from map\AndroidManifest.xml:152:13-49
	android:label
		ADDED from map\AndroidManifest.xml:151:13-47
	android:name
		ADDED from map\AndroidManifest.xml:150:13-48
activity#com.amap.map2d.demo.cloud.CloudDetailActivity
ADDED from map\AndroidManifest.xml:153:9-155:52
	android:screenOrientation
		ADDED from map\AndroidManifest.xml:155:13-49
	android:name
		ADDED from map\AndroidManifest.xml:154:13-54
activity#com.amap.map2d.demo.cloud.PreviewPhotoActivity
ADDED from map\AndroidManifest.xml:156:9-158:52
	android:screenOrientation
		ADDED from map\AndroidManifest.xml:158:13-49
	android:name
		ADDED from map\AndroidManifest.xml:157:13-55
activity#com.amap.map2d.demo.share.ShareActivity
ADDED from map\AndroidManifest.xml:159:9-162:52
	android:screenOrientation
		ADDED from map\AndroidManifest.xml:162:13-49
	android:label
		ADDED from map\AndroidManifest.xml:161:13-47
	android:name
		ADDED from map\AndroidManifest.xml:160:13-48
activity#com.amap.map2d.demo.weather.WeatherSearchActivity
ADDED from map\AndroidManifest.xml:163:9-166:52
	android:screenOrientation
		ADDED from map\AndroidManifest.xml:166:13-49
	android:label
		ADDED from map\AndroidManifest.xml:165:13-49
	android:name
		ADDED from map\AndroidManifest.xml:164:13-58
activity#com.amap.map2d.demo.basic.AbroadMapSwitchActivity
ADDED from map\AndroidManifest.xml:167:9-170:52
	android:screenOrientation
		ADDED from map\AndroidManifest.xml:170:13-49
	android:label
		ADDED from map\AndroidManifest.xml:169:13-48
	android:name
		ADDED from map\AndroidManifest.xml:168:13-58
activity#com.amap.map2d.demo.poisearch.SubPoiSearchActivity
ADDED from map\AndroidManifest.xml:171:3-175:52
	android:windowSoftInputMode
		ADDED from map\AndroidManifest.xml:173:7-61
	android:screenOrientation
		ADDED from map\AndroidManifest.xml:175:13-49
	android:label
		ADDED from map\AndroidManifest.xml:174:13-48
	android:name
		ADDED from map\AndroidManifest.xml:172:7-53
activity#com.amap.map2d.demo.route.DriveRouteDetailActivity
ADDED from map\AndroidManifest.xml:176:9-179:52
	android:screenOrientation
		ADDED from map\AndroidManifest.xml:179:13-49
	android:label
		ADDED from map\AndroidManifest.xml:178:13-47
	android:name
		ADDED from map\AndroidManifest.xml:177:13-78
activity#com.amap.map2d.demo.route.WalkRouteDetailActivity
ADDED from map\AndroidManifest.xml:180:9-183:52
	android:screenOrientation
		ADDED from map\AndroidManifest.xml:183:13-49
	android:label
		ADDED from map\AndroidManifest.xml:182:13-47
	android:name
		ADDED from map\AndroidManifest.xml:181:13-77
activity#com.amap.map2d.demo.route.BusRouteDetailActivity
ADDED from map\AndroidManifest.xml:184:9-187:52
	android:screenOrientation
		ADDED from map\AndroidManifest.xml:187:13-49
	android:label
		ADDED from map\AndroidManifest.xml:186:13-47
	android:name
		ADDED from map\AndroidManifest.xml:185:13-76
activity#com.amap.map2d.demo.poisearch.PoiSearchActivity
ADDED from map\AndroidManifest.xml:188:9-191:52
	android:screenOrientation
		ADDED from map\AndroidManifest.xml:191:13-49
	android:label
		ADDED from map\AndroidManifest.xml:190:13-57
	android:name
		ADDED from map\AndroidManifest.xml:189:13-56
service#com.amap.api.location.APSService
ADDED from map\AndroidManifest.xml:194:9-67
	android:name
		ADDED from map\AndroidManifest.xml:194:18-65